<?xml version="1.0" encoding="UTF-8"?>
<!-- Generated by org.testng.reporters.JUnitReportReporter -->
<testsuite name="SampleTestNG" tests="7" time="0.048" ignored="0" failures="0" timestamp="07 Jul 2018 12:03:34 GMT" skipped="0" hostname="DESKTOP-DI6C2E0" errors="0">
  <testcase name="f" time="0.015" classname="SampleTestNG"/>
  <testcase name="e" time="0.017" classname="SampleTestNG"/>
  <testcase name="f" time="0.016" classname="SampleTestNG"/>
  <testcase name="f" time="0.000" classname="SampleTestNG"/>
  <testcase name="f" time="0.000" classname="SampleTestNG"/>
  <testcase name="d" time="0.000" classname="SampleTestNG"/>
  <testcase name="f" time="0.000" classname="SampleTestNG"/>
</testsuite> <!-- SampleTestNG -->
